<?xml version="1.0" encoding="UTF-8"?>
<!-- Generated by org.testng.reporters.JUnitReportReporter -->
<testsuite skipped="0" hostname="DESKTOP-KOMANDM" name="practise.AppiumFramework.ApiDemoTest" tests="2" failures="0" timestamp="2020-02-11T20:23:54 IST" time="133.439" errors="0">
  <testcase name="apiDemoTest" time="56.685" classname="practise.AppiumFramework.ApiDemoTest"/>
  <testcase name="apiDemoTest" time="76.754" classname="practise.AppiumFramework.ApiDemoTest"/>
</testsuite> <!-- practise.AppiumFramework.ApiDemoTest -->
