<?xml version="1.0" encoding="UTF-8"?>
<!-- Generated by org.testng.reporters.JUnitReportReporter -->
<testsuite skipped="0" hostname="DESKTOP-KOMANDM" name="practise.AppiumFramework.WatchomainTest" tests="1" failures="0" timestamp="2020-02-20T11:25:33 IST" time="156.961" errors="0">
  <testcase name="mainTest" time="156.961" classname="practise.AppiumFramework.WatchomainTest"/>
</testsuite> <!-- practise.AppiumFramework.WatchomainTest -->
